<?xml version="1.0" encoding="UTF-8"?>
<testsuite xmlns:xsi="http://www.w3.org/2001/XMLSchema-instance" xsi:noNamespaceSchemaLocation="https://maven.apache.org/surefire/maven-surefire-plugin/xsd/surefire-test-report-3.0.xsd" version="3.0" name="com.spring.batch.exmaple.SpringBootExample.SpringBootExampleApplicationTests" time="5.353" tests="1" errors="0" skipped="0" failures="0">
  <properties>
[...]
</properties>
  <testcase name="contextLoads" classname="com.spring.batch.exmaple.SpringBootExample.SpringBootExampleApplicationTests" time="1.576">
    <system-out><![CDATA[12:43:04.355 [main] INFO org.springframework.test.context.support.AnnotationConfigContextLoaderUtils -- Could not detect default configuration classes for test class [com.spring.batch.exmaple.SpringBootExample.SpringBootExampleApplicationTests]: SpringBootExampleApplicationTests does not declare any static, non-private, non-final, nested classes annotated with @Configuration.
12:43:04.558 [main] INFO org.springframework.boot.test.context.SpringBootTestContextBootstrapper -- Found @SpringBootConfiguration com.spring.batch.exmaple.SpringBootExample.SpringBootExampleApplication for test class com.spring.batch.exmaple.SpringBootExample.SpringBootExampleApplicationTests

  .   ____          _            __ _ _
 /\\ / ___'_ __ _ _(_)_ __  __ _ \ \ \ \
( ( )\___ | '_ | '_| | '_ \/ _` | \ \ \ \
 \\/  ___)| |_)| | | | | || (_| |  ) ) ) )
  '  |____| .__|_| |_|_| |_\__, | / / / /
 =========|_|==============|___/=/_/_/_/
 :: Spring Boot ::                (v3.1.5)

2024-02-10T12:43:05.447+05:30  INFO 12924 --- [           main] .b.e.S.SpringBootExampleApplicationTests : Starting SpringBootExampleApplicationTests using Java 17.0.8.1 with PID 12924 (started by Shivkaran in G:\Project Java\SpringBootExample\SpringBootExample)
2024-02-10T12:43:05.451+05:30  INFO 12924 --- [           main] .b.e.S.SpringBootExampleApplicationTests : No active profile set, falling back to 1 default profile: "default"
2024-02-10T12:43:06.171+05:30  INFO 12924 --- [           main] .s.d.r.c.RepositoryConfigurationDelegate : Bootstrapping Spring Data JDBC repositories in DEFAULT mode.
2024-02-10T12:43:06.199+05:30  INFO 12924 --- [           main] .s.d.r.c.RepositoryConfigurationDelegate : Finished Spring Data repository scanning in 19 ms. Found 0 JDBC repository interfaces.
2024-02-10T12:43:06.638+05:30  INFO 12924 --- [           main] com.zaxxer.hikari.HikariDataSource       : HikariPool-1 - Starting...
2024-02-10T12:43:07.085+05:30  INFO 12924 --- [           main] com.zaxxer.hikari.pool.HikariPool        : HikariPool-1 - Added connection com.mysql.cj.jdbc.ConnectionImpl@5f631ca0
2024-02-10T12:43:07.087+05:30  INFO 12924 --- [           main] com.zaxxer.hikari.HikariDataSource       : HikariPool-1 - Start completed.
2024-02-10T12:43:07.750+05:30  INFO 12924 --- [           main] .b.e.S.SpringBootExampleApplicationTests : Started SpringBootExampleApplicationTests in 2.878 seconds (process running for 4.932)
2024-02-10T12:43:07.754+05:30  INFO 12924 --- [           main] o.s.b.a.b.JobLauncherApplicationRunner   : Running default command line with: []
]]></system-out>
  </testcase>
</testsuite>